


ARM Macro Assembler    Page 1 


    1 00000000 40048038 
                       SIM_SCGC5
                               EQU              0x40048038
    2 00000000         
    3 00000000         
    4 00000000 4004A000 
                       PORTB_PCR0
                               EQU              0x4004A000  ; RED_W
    5 00000000 4004A004 
                       PORTB_PCR1
                               EQU              0x4004A004  ; YELLOW_W
    6 00000000 4004A008 
                       PORTB_PCR2
                               EQU              0x4004A008  ; GREEN_W
    7 00000000         
    8 00000000 4004B000 
                       PORTC_PCR0
                               EQU              0x4004B000  ; RED_N
    9 00000000 4004B004 
                       PORTC_PCR1
                               EQU              0x4004B004  ; YELLOW_N
   10 00000000 4004B008 
                       PORTC_PCR2
                               EQU              0x4004B008  ; GREEN_N
   11 00000000         
   12 00000000 400FF054 
                       GPIOB_PDDR
                               EQU              0x400FF054  ; Direction of Data
                                                             W
   13 00000000 400FF044 
                       GPIOB_PSOR
                               EQU              0x400FF044  ; Set Bits W
   14 00000000 400FF048 
                       GPIOB_PCOR
                               EQU              0x400FF048  ; Clear Bits W
   15 00000000         
   16 00000000 400FF084 
                       GPIOC_PSOR
                               EQU              0x400FF084  ; Set BitsN
   17 00000000 400FF088 
                       GPIOC_PCOR
                               EQU              0x400FF088  ; Clear Bits N
   18 00000000 400FF094 
                       GPIOC_PDDR
                               EQU              0x400FF094  ; Direction of Data
                                                             N
   19 00000000         
   20 00000000 00000001 
                       RED_MASK
                               EQU              0x00000001  ; 2^0
   21 00000000 00000002 
                       YELLOW_MASK
                               EQU              0x00000002  ; 2^1
   22 00000000 00000004 
                       GREEN_MASK
                               EQU              0x00000004  ; 2^2
   23 00000000         
   24 00000000 02DC6C00 
                       DELAY_CNT



ARM Macro Assembler    Page 2 


                               EQU              0x02DC6C00  ; 3 sec delay
   25 00000000 01E84800 
                       DELAY_CNTY
                               EQU              0x01E84800  ; 2 sec delay
   26 00000000         
   27 00000000                 AREA             asm_area, CODE, READONLY
   28 00000000                 EXPORT           asm_main
   29 00000000         
   30 00000000         asm_main
   31 00000000         
   32 00000000 F000 F87A       BL               init_gpio
   33 00000004         loop
   34 00000004 F000 F82D       BL               redon_W
   35 00000008 F000 F831       BL               redon_N
   36 0000000C 4855            LDR              r0,=DELAY_CNTY
   37 0000000E F000 F870       BL               delay
   38 00000012 F000 F832       BL               redoff_W
   39 00000016         
   40 00000016 F000 F854       BL               greenon_W
   41 0000001A 4853            LDR              r0,=DELAY_CNT
   42 0000001C F000 F869       BL               delay
   43 00000020         
   44 00000020 F000 F85B       BL               greenoff_W
   45 00000024 F000 F835       BL               yellowon_W
   46 00000028 484E            LDR              r0,=DELAY_CNTY
   47 0000002A F000 F862       BL               delay
   48 0000002E F000 F83C       BL               yellowoff_W
   49 00000032         
   50 00000032 F000 F816       BL               redon_W
   51 00000036 484B            LDR              r0,=DELAY_CNTY
   52 00000038 F000 F85B       BL               delay
   53 0000003C F000 F823       BL               redoff_N
   54 00000040 F000 F845       BL               greenon_N
   55 00000044         
   56 00000044 4848            LDR              r0,=DELAY_CNT
   57 00000046 F000 F854       BL               delay
   58 0000004A F000 F84C       BL               greenoff_N
   59 0000004E F000 F826       BL               yellowon_N
   60 00000052 4844            LDR              r0,=DELAY_CNTY
   61 00000054 F000 F84D       BL               delay
   62 00000058 F000 F82D       BL               yellowoff_N
   63 0000005C F000 F807       BL               redon_N
   64 00000060 E7D0            B                loop
   65 00000062         redon_W
   66 00000062 4842            LDR              r0,=GPIOB_PSOR
   67 00000064 6801            LDR              r1,[r0]
   68 00000066 4A42            LDR              r2,=RED_MASK
   69 00000068 4311            ORRS             r1, r2
   70 0000006A 6001            STR              r1,[r0]
   71 0000006C 4770            BX               LR
   72 0000006E         redon_N
   73 0000006E 4841            LDR              r0,=GPIOC_PSOR
   74 00000070 6801            LDR              r1,[r0]
   75 00000072 4A3F            LDR              r2,=RED_MASK
   76 00000074 4311            ORRS             r1, r2
   77 00000076 6001            STR              r1,[r0]
   78 00000078 4770            BX               LR
   79 0000007A         redoff_W
   80 0000007A 483F            LDR              r0,=GPIOB_PCOR



ARM Macro Assembler    Page 3 


   81 0000007C 6801            LDR              r1,[r0]
   82 0000007E 4A3C            LDR              r2,=RED_MASK
   83 00000080 4311            ORRS             r1, r2
   84 00000082 6001            STR              r1,[r0]
   85 00000084 4770            BX               LR
   86 00000086         redoff_N
   87 00000086 483D            LDR              r0,=GPIOC_PCOR
   88 00000088 6801            LDR              r1,[r0]
   89 0000008A 4A39            LDR              r2,=RED_MASK
   90 0000008C 4311            ORRS             r1, r2
   91 0000008E 6001            STR              r1,[r0]
   92 00000090 4770            BX               LR
   93 00000092         yellowon_W
   94 00000092 4836            LDR              r0,=GPIOB_PSOR
   95 00000094 6801            LDR              r1, [r0]
   96 00000096 4A3A            LDR              r2,=YELLOW_MASK
   97 00000098 4311            ORRS             r1,r2
   98 0000009A 6001            STR              r1,[r0]
   99 0000009C 4770            BX               LR
  100 0000009E         yellowon_N
  101 0000009E 4835            LDR              r0,=GPIOC_PSOR
  102 000000A0 6801            LDR              r1, [r0]
  103 000000A2 4A37            LDR              r2,=YELLOW_MASK
  104 000000A4 4311            ORRS             r1,r2
  105 000000A6 6001            STR              r1,[r0]
  106 000000A8 4770            BX               LR
  107 000000AA         yellowoff_W
  108 000000AA 4833            LDR              r0,=GPIOB_PCOR
  109 000000AC 6801            LDR              r1,[r0]
  110 000000AE 4A34            LDR              r2,=YELLOW_MASK
  111 000000B0 4311            ORRS             r1,r2
  112 000000B2 6001            STR              r1,[r0]
  113 000000B4 4770            BX               LR
  114 000000B6         yellowoff_N
  115 000000B6 4831            LDR              r0,=GPIOC_PCOR
  116 000000B8 6801            LDR              r1,[r0]
  117 000000BA 4A31            LDR              r2,=YELLOW_MASK
  118 000000BC 4311            ORRS             r1,r2
  119 000000BE 6001            STR              r1,[r0]
  120 000000C0 4770            BX               LR
  121 000000C2         greenon_W
  122 000000C2 482A            LDR              r0,=GPIOB_PSOR
  123 000000C4 6801            LDR              r1,[r0]
  124 000000C6 4A2F            LDR              r2,=GREEN_MASK
  125 000000C8 4311            ORRS             r1,r2
  126 000000CA 6001            STR              r1,[r0]
  127 000000CC 4770            BX               LR
  128 000000CE         greenon_N
  129 000000CE 4829            LDR              r0,=GPIOC_PSOR
  130 000000D0 6801            LDR              r1,[r0]
  131 000000D2 4A2C            LDR              r2,=GREEN_MASK
  132 000000D4 4311            ORRS             r1,r2
  133 000000D6 6001            STR              r1,[r0]
  134 000000D8 4770            BX               LR
  135 000000DA         greenoff_W
  136 000000DA 4827            LDR              r0,=GPIOB_PCOR
  137 000000DC 6801            LDR              r1,[r0]
  138 000000DE 4A29            LDR              r2,=GREEN_MASK
  139 000000E0 4311            ORRS             r1,r2



ARM Macro Assembler    Page 4 


  140 000000E2 6001            STR              r1,[r0]
  141 000000E4 4770            BX               LR
  142 000000E6         greenoff_N
  143 000000E6 4825            LDR              r0,=GPIOC_PCOR
  144 000000E8 6801            LDR              r1,[r0]
  145 000000EA 4A26            LDR              r2,=GREEN_MASK
  146 000000EC 4311            ORRS             r1,r2
  147 000000EE 6001            STR              r1,[r0]
  148 000000F0 4770            BX               LR
  149 000000F2         delay
  150 000000F2 3801            SUBS             r0, #1
  151 000000F4 D1FD            BNE              delay
  152 000000F6 4770            BX               LR
  153 000000F8         init_gpio
  154 000000F8         
  155 000000F8         
  156 000000F8 4823            LDR              r0,=SIM_SCGC5 ; Turns on clock
  157 000000FA 6801            LDR              r1,[r0]
  158 000000FC 4A23            LDR              r2,=0x00003E00
  159 000000FE 4311            ORRS             r1,r2
  160 00000100 6001            STR              r1,[r0]
  161 00000102         
  162 00000102         
  163 00000102 4823            LDR              r0,=PORTB_PCR0 ; Output Red_W
  164 00000104 4923            LDR              r1,=0x00000100
  165 00000106 6001            STR              r1,[r0]
  166 00000108         
  167 00000108 4823            LDR              r0,=GPIOB_PDDR
  168 0000010A 6801            LDR              r1,[r0]
  169 0000010C 4A18            LDR              r2,=RED_MASK
  170 0000010E 4311            ORRS             r1,r2
  171 00000110 6001            STR              r1,[r0]
  172 00000112         
  173 00000112 4822            LDR              r0,=PORTB_PCR1 
                                                            ; Output Yellow_W
  174 00000114 491F            LDR              r1,=0x00000100
  175 00000116 6001            STR              r1,[r0]
  176 00000118         
  177 00000118 481F            LDR              r0,=GPIOB_PDDR
  178 0000011A 6801            LDR              r1,[r0]
  179 0000011C 4A18            LDR              r2,=YELLOW_MASK
  180 0000011E 4311            ORRS             r1,r2
  181 00000120 6001            STR              r1,[r0]
  182 00000122         
  183 00000122 481F            LDR              r0,=PORTB_PCR2 ; Output Green_W
                                                            
  184 00000124 491B            LDR              r1,=0x00000100
  185 00000126 6001            STR              r1,[r0]
  186 00000128         
  187 00000128 481B            LDR              r0,=GPIOB_PDDR
  188 0000012A 6801            LDR              r1,[r0]
  189 0000012C 4A15            LDR              r2,=GREEN_MASK
  190 0000012E 4311            ORRS             r1,r2
  191 00000130 6001            STR              r1,[r0]
  192 00000132         
  193 00000132 481C            LDR              r0,=PORTC_PCR0 ; Output Red_N
  194 00000134 4917            LDR              r1,=0x00000100
  195 00000136 6001            STR              r1,[r0]
  196 00000138         



ARM Macro Assembler    Page 5 


  197 00000138 481B            LDR              r0,=GPIOC_PDDR
  198 0000013A 6801            LDR              r1,[r0]
  199 0000013C 4A0C            LDR              r2,=RED_MASK
  200 0000013E 4311            ORRS             r1,r2
  201 00000140 6001            STR              r1,[r0]
  202 00000142         
  203 00000142 481A            LDR              r0,=PORTC_PCR1 
                                                            ; Output YELLOW_N
  204 00000144 4913            LDR              r1,=0x00000100
  205 00000146 6001            STR              r1,[r0]
  206 00000148         
  207 00000148 4817            LDR              r0,=GPIOC_PDDR
  208 0000014A 6801            LDR              r1,[r0]
  209 0000014C 4A0C            LDR              r2,=YELLOW_MASK
  210 0000014E 4311            ORRS             r1,r2
  211 00000150 6001            STR              r1,[r0]
  212 00000152         
  213 00000152 4817            LDR              r0,=PORTC_PCR2 ; Output GREEN_N
                                                            
  214 00000154 490F            LDR              r1,=0x00000100
  215 00000156 6001            STR              r1,[r0]
  216 00000158         
  217 00000158 4813            LDR              r0,=GPIOC_PDDR
  218 0000015A 6801            LDR              r1,[r0]
  219 0000015C 4A09            LDR              r2,=GREEN_MASK
  220 0000015E 4311            ORRS             r1,r2
  221 00000160 6001            STR              r1,[r0]
  222 00000162         
  223 00000162 4770            BX               LR
  224 00000164         
  225 00000164                 END
              01E84800 
              02DC6C00 
              400FF044 
              00000001 
              400FF084 
              400FF048 
              400FF088 
              00000002 
              00000004 
              40048038 
              00003E00 
              4004A000 
              00000100 
              400FF054 
              4004A004 
              4004A008 
              4004B000 
              400FF094 
              4004B004 
              4004B008 
Command Line: --debug --xref --diag_suppress=9931 --cpu=Cortex-M0+ --apcs=inter
work --depend=.\asm_main.d -o.\asm_main.o -I.\RTE\Device\MKL25Z128xxx4 -I.\RTE\
_KL25Z_-_PE_Micro_-_Ram -IC:\Keil_v5\ARM\PACK\ARM\CMSIS\5.2.0\CMSIS\Include -IC
:\Keil_v5\ARM\PACK\Keil\Kinetis_KLxx_DFP\1.14.0\Device\Include --predefine="__E
VAL SETA 1" --predefine="__MICROLIB SETL {TRUE}" --predefine="__UVISION_VERSION
 SETA 523" --predefine="_RTE_ SETA 1" --predefine="MKL25Z128xxx4 SETA 1" --list
=.\asm_main.lst asm_main.s



ARM Macro Assembler    Page 1 Alphabetic symbol ordering
Relocatable symbols

asm_area 00000000

Symbol: asm_area
   Definitions
      At line 27 in file asm_main.s
   Uses
      None
Comment: asm_area unused
asm_main 00000000

Symbol: asm_main
   Definitions
      At line 30 in file asm_main.s
   Uses
      At line 28 in file asm_main.s
Comment: asm_main used once
delay 000000F2

Symbol: delay
   Definitions
      At line 149 in file asm_main.s
   Uses
      At line 37 in file asm_main.s
      At line 42 in file asm_main.s
      At line 47 in file asm_main.s
      At line 52 in file asm_main.s
      At line 57 in file asm_main.s
      At line 61 in file asm_main.s
      At line 151 in file asm_main.s

greenoff_N 000000E6

Symbol: greenoff_N
   Definitions
      At line 142 in file asm_main.s
   Uses
      At line 58 in file asm_main.s
Comment: greenoff_N used once
greenoff_W 000000DA

Symbol: greenoff_W
   Definitions
      At line 135 in file asm_main.s
   Uses
      At line 44 in file asm_main.s
Comment: greenoff_W used once
greenon_N 000000CE

Symbol: greenon_N
   Definitions
      At line 128 in file asm_main.s
   Uses
      At line 54 in file asm_main.s
Comment: greenon_N used once
greenon_W 000000C2

Symbol: greenon_W
   Definitions
      At line 121 in file asm_main.s



ARM Macro Assembler    Page 2 Alphabetic symbol ordering
Relocatable symbols

   Uses
      At line 40 in file asm_main.s
Comment: greenon_W used once
init_gpio 000000F8

Symbol: init_gpio
   Definitions
      At line 153 in file asm_main.s
   Uses
      At line 32 in file asm_main.s
Comment: init_gpio used once
loop 00000004

Symbol: loop
   Definitions
      At line 33 in file asm_main.s
   Uses
      At line 64 in file asm_main.s
Comment: loop used once
redoff_N 00000086

Symbol: redoff_N
   Definitions
      At line 86 in file asm_main.s
   Uses
      At line 53 in file asm_main.s
Comment: redoff_N used once
redoff_W 0000007A

Symbol: redoff_W
   Definitions
      At line 79 in file asm_main.s
   Uses
      At line 38 in file asm_main.s
Comment: redoff_W used once
redon_N 0000006E

Symbol: redon_N
   Definitions
      At line 72 in file asm_main.s
   Uses
      At line 35 in file asm_main.s
      At line 63 in file asm_main.s

redon_W 00000062

Symbol: redon_W
   Definitions
      At line 65 in file asm_main.s
   Uses
      At line 34 in file asm_main.s
      At line 50 in file asm_main.s

yellowoff_N 000000B6

Symbol: yellowoff_N
   Definitions
      At line 114 in file asm_main.s
   Uses



ARM Macro Assembler    Page 3 Alphabetic symbol ordering
Relocatable symbols

      At line 62 in file asm_main.s
Comment: yellowoff_N used once
yellowoff_W 000000AA

Symbol: yellowoff_W
   Definitions
      At line 107 in file asm_main.s
   Uses
      At line 48 in file asm_main.s
Comment: yellowoff_W used once
yellowon_N 0000009E

Symbol: yellowon_N
   Definitions
      At line 100 in file asm_main.s
   Uses
      At line 59 in file asm_main.s
Comment: yellowon_N used once
yellowon_W 00000092

Symbol: yellowon_W
   Definitions
      At line 93 in file asm_main.s
   Uses
      At line 45 in file asm_main.s
Comment: yellowon_W used once
17 symbols



ARM Macro Assembler    Page 1 Alphabetic symbol ordering
Absolute symbols

DELAY_CNT 02DC6C00

Symbol: DELAY_CNT
   Definitions
      At line 24 in file asm_main.s
   Uses
      At line 41 in file asm_main.s
      At line 56 in file asm_main.s

DELAY_CNTY 01E84800

Symbol: DELAY_CNTY
   Definitions
      At line 25 in file asm_main.s
   Uses
      At line 36 in file asm_main.s
      At line 46 in file asm_main.s
      At line 51 in file asm_main.s
      At line 60 in file asm_main.s

GPIOB_PCOR 400FF048

Symbol: GPIOB_PCOR
   Definitions
      At line 14 in file asm_main.s
   Uses
      At line 80 in file asm_main.s
      At line 108 in file asm_main.s
      At line 136 in file asm_main.s

GPIOB_PDDR 400FF054

Symbol: GPIOB_PDDR
   Definitions
      At line 12 in file asm_main.s
   Uses
      At line 167 in file asm_main.s
      At line 177 in file asm_main.s
      At line 187 in file asm_main.s

GPIOB_PSOR 400FF044

Symbol: GPIOB_PSOR
   Definitions
      At line 13 in file asm_main.s
   Uses
      At line 66 in file asm_main.s
      At line 94 in file asm_main.s
      At line 122 in file asm_main.s

GPIOC_PCOR 400FF088

Symbol: GPIOC_PCOR
   Definitions
      At line 17 in file asm_main.s
   Uses
      At line 87 in file asm_main.s
      At line 115 in file asm_main.s
      At line 143 in file asm_main.s



ARM Macro Assembler    Page 2 Alphabetic symbol ordering
Absolute symbols


GPIOC_PDDR 400FF094

Symbol: GPIOC_PDDR
   Definitions
      At line 18 in file asm_main.s
   Uses
      At line 197 in file asm_main.s
      At line 207 in file asm_main.s
      At line 217 in file asm_main.s

GPIOC_PSOR 400FF084

Symbol: GPIOC_PSOR
   Definitions
      At line 16 in file asm_main.s
   Uses
      At line 73 in file asm_main.s
      At line 101 in file asm_main.s
      At line 129 in file asm_main.s

GREEN_MASK 00000004

Symbol: GREEN_MASK
   Definitions
      At line 22 in file asm_main.s
   Uses
      At line 124 in file asm_main.s
      At line 131 in file asm_main.s
      At line 138 in file asm_main.s
      At line 145 in file asm_main.s
      At line 189 in file asm_main.s
      At line 219 in file asm_main.s

PORTB_PCR0 4004A000

Symbol: PORTB_PCR0
   Definitions
      At line 4 in file asm_main.s
   Uses
      At line 163 in file asm_main.s
Comment: PORTB_PCR0 used once
PORTB_PCR1 4004A004

Symbol: PORTB_PCR1
   Definitions
      At line 5 in file asm_main.s
   Uses
      At line 173 in file asm_main.s
Comment: PORTB_PCR1 used once
PORTB_PCR2 4004A008

Symbol: PORTB_PCR2
   Definitions
      At line 6 in file asm_main.s
   Uses
      At line 183 in file asm_main.s
Comment: PORTB_PCR2 used once
PORTC_PCR0 4004B000



ARM Macro Assembler    Page 3 Alphabetic symbol ordering
Absolute symbols


Symbol: PORTC_PCR0
   Definitions
      At line 8 in file asm_main.s
   Uses
      At line 193 in file asm_main.s
Comment: PORTC_PCR0 used once
PORTC_PCR1 4004B004

Symbol: PORTC_PCR1
   Definitions
      At line 9 in file asm_main.s
   Uses
      At line 203 in file asm_main.s
Comment: PORTC_PCR1 used once
PORTC_PCR2 4004B008

Symbol: PORTC_PCR2
   Definitions
      At line 10 in file asm_main.s
   Uses
      At line 213 in file asm_main.s
Comment: PORTC_PCR2 used once
RED_MASK 00000001

Symbol: RED_MASK
   Definitions
      At line 20 in file asm_main.s
   Uses
      At line 68 in file asm_main.s
      At line 75 in file asm_main.s
      At line 82 in file asm_main.s
      At line 89 in file asm_main.s
      At line 169 in file asm_main.s
      At line 199 in file asm_main.s

SIM_SCGC5 40048038

Symbol: SIM_SCGC5
   Definitions
      At line 1 in file asm_main.s
   Uses
      At line 156 in file asm_main.s
Comment: SIM_SCGC5 used once
YELLOW_MASK 00000002

Symbol: YELLOW_MASK
   Definitions
      At line 21 in file asm_main.s
   Uses
      At line 96 in file asm_main.s
      At line 103 in file asm_main.s
      At line 110 in file asm_main.s
      At line 117 in file asm_main.s
      At line 179 in file asm_main.s
      At line 209 in file asm_main.s

18 symbols
372 symbols in table
